<?xml version="1.0" encoding="UTF-8"?>
<testsuite xmlns:xsi="http://www.w3.org/2001/XMLSchema-instance" xsi:noNamespaceSchemaLocation="https://maven.apache.org/surefire/maven-surefire-plugin/xsd/surefire-test-report-3.0.xsd" version="3.0" name="com.mycompany.olympicgameshooting.AthleteTest" time="0.127" tests="98" errors="0" skipped="0" failures="0">
  <properties>
[...]
</properties>
  <testcase name="testSetInvalidWorldRanking" classname="com.mycompany.olympicgameshooting.AthleteTest" time="0.022"/>
  <testcase name="testGetQualificationScore" classname="com.mycompany.olympicgameshooting.AthleteTest" time="0.003"/>
  <testcase name="testGetQualificationShots" classname="com.mycompany.olympicgameshooting.AthleteTest" time="0.0"/>
  <testcase name="testGetQualificationScoreWithMultipleMixedShotsAndZero" classname="com.mycompany.olympicgameshooting.AthleteTest" time="0.0"/>
  <testcase name="testToStringWithEmptyLastName" classname="com.mycompany.olympicgameshooting.AthleteTest" time="0.001"/>
  <testcase name="testGetQualificationScoreWithMultipleMinShots" classname="com.mycompany.olympicgameshooting.AthleteTest" time="0.001"/>
  <testcase name="testSetCountryToNeutralAthletesBelarus" classname="com.mycompany.olympicgameshooting.AthleteTest" time="0.001"/>
  <testcase name="testSetNegativeRankingScore" classname="com.mycompany.olympicgameshooting.AthleteTest" time="0.002"/>
  <testcase name="testGetTotalScoreWithMultipleMinShots" classname="com.mycompany.olympicgameshooting.AthleteTest" time="0.001"/>
  <testcase name="testGetShots" classname="com.mycompany.olympicgameshooting.AthleteTest" time="0.001"/>
  <testcase name="testSetFirstName" classname="com.mycompany.olympicgameshooting.AthleteTest" time="0.001"/>
  <testcase name="testAddQualificationShot" classname="com.mycompany.olympicgameshooting.AthleteTest" time="0.001"/>
  <testcase name="testGetFullName" classname="com.mycompany.olympicgameshooting.AthleteTest" time="0.004"/>
  <testcase name="testAddShot" classname="com.mycompany.olympicgameshooting.AthleteTest" time="0.001"/>
  <testcase name="testSetCountryToEmptyString" classname="com.mycompany.olympicgameshooting.AthleteTest" time="0.001"/>
  <testcase name="testAddFinalShotWithMaxValue" classname="com.mycompany.olympicgameshooting.AthleteTest" time="0.001"/>
  <testcase name="testGetFinalScoreWithMinShots" classname="com.mycompany.olympicgameshooting.AthleteTest" time="0.001"/>
  <testcase name="testSetInvalidRankingScore" classname="com.mycompany.olympicgameshooting.AthleteTest" time="0.001"/>
  <testcase name="testGetFinalScoreWithMultipleMixedShotsAndNegative" classname="com.mycompany.olympicgameshooting.AthleteTest" time="0.001"/>
  <testcase name="testGetAthleteID" classname="com.mycompany.olympicgameshooting.AthleteTest" time="0.0"/>
  <testcase name="testGetTotalScoreWithMultipleMixedShotsAndNegative" classname="com.mycompany.olympicgameshooting.AthleteTest" time="0.0"/>
  <testcase name="testGetTotalScoreWithZeroShots" classname="com.mycompany.olympicgameshooting.AthleteTest" time="0.0"/>
  <testcase name="testSetInvalidFirstName" classname="com.mycompany.olympicgameshooting.AthleteTest" time="0.001"/>
  <testcase name="testSetCountry" classname="com.mycompany.olympicgameshooting.AthleteTest" time="0.001"/>
  <testcase name="testToString" classname="com.mycompany.olympicgameshooting.AthleteTest" time="0.001"/>
  <testcase name="testAddQualificationShotWithZeroValue" classname="com.mycompany.olympicgameshooting.AthleteTest" time="0.0"/>
  <testcase name="testGetTotalScoreWithMinShots" classname="com.mycompany.olympicgameshooting.AthleteTest" time="0.001"/>
  <testcase name="testGetTotalScoreWithMultipleMixedShotsAndZero" classname="com.mycompany.olympicgameshooting.AthleteTest" time="0.0"/>
  <testcase name="testGetFullNameWithEmptyFirstName" classname="com.mycompany.olympicgameshooting.AthleteTest" time="0.001"/>
  <testcase name="testAddQualificationShotWithMaxValue" classname="com.mycompany.olympicgameshooting.AthleteTest" time="0.001"/>
  <testcase name="testEmptyFinalShots" classname="com.mycompany.olympicgameshooting.AthleteTest" time="0.0"/>
  <testcase name="testAddQualificationShotWithNegativeValue" classname="com.mycompany.olympicgameshooting.AthleteTest" time="0.001"/>
  <testcase name="testGetFullNameWithMiddleName" classname="com.mycompany.olympicgameshooting.AthleteTest" time="0.0"/>
  <testcase name="testGetTotalScoreWithMultipleMixedShots" classname="com.mycompany.olympicgameshooting.AthleteTest" time="0.001"/>
  <testcase name="testSetCountryToNeutralAthletes" classname="com.mycompany.olympicgameshooting.AthleteTest" time="0.0"/>
  <testcase name="testGetQualificationScoreWithMaxShots" classname="com.mycompany.olympicgameshooting.AthleteTest" time="0.0"/>
  <testcase name="testSetCountryToWhitespace" classname="com.mycompany.olympicgameshooting.AthleteTest" time="0.001"/>
  <testcase name="testAddShotWithNegativeValue" classname="com.mycompany.olympicgameshooting.AthleteTest" time="0.001"/>
  <testcase name="testGetFullNameWithEmptyLastName" classname="com.mycompany.olympicgameshooting.AthleteTest" time="0.0"/>
  <testcase name="testGetFinalScoreWithMultipleMixedShots" classname="com.mycompany.olympicgameshooting.AthleteTest" time="0.0"/>
  <testcase name="testGetQualificationScoreWithEdgeValues" classname="com.mycompany.olympicgameshooting.AthleteTest" time="0.001"/>
  <testcase name="testSetInvalidAthleteIDShortLength" classname="com.mycompany.olympicgameshooting.AthleteTest" time="0.001"/>
  <testcase name="testGetFinalScore" classname="com.mycompany.olympicgameshooting.AthleteTest" time="0.001"/>
  <testcase name="testGetFinalShots" classname="com.mycompany.olympicgameshooting.AthleteTest" time="0.001"/>
  <testcase name="testSetFirstNameToWhitespace" classname="com.mycompany.olympicgameshooting.AthleteTest" time="0.0"/>
  <testcase name="testSetInvalidAthleteIDLongLength" classname="com.mycompany.olympicgameshooting.AthleteTest" time="0.0"/>
  <testcase name="testAddExcessiveQualificationShots" classname="com.mycompany.olympicgameshooting.AthleteTest" time="0.0"/>
  <testcase name="testSetLastName" classname="com.mycompany.olympicgameshooting.AthleteTest" time="0.001"/>
  <testcase name="testGetFinalScoreWithMultipleMinShots" classname="com.mycompany.olympicgameshooting.AthleteTest" time="0.0"/>
  <testcase name="testAddShotWithZeroValue" classname="com.mycompany.olympicgameshooting.AthleteTest" time="0.0"/>
  <testcase name="testGetLastName" classname="com.mycompany.olympicgameshooting.AthleteTest" time="0.001"/>
  <testcase name="testGetWorldRanking" classname="com.mycompany.olympicgameshooting.AthleteTest" time="0.001"/>
  <testcase name="testGetQualificationScoreWithMultipleMaxShots" classname="com.mycompany.olympicgameshooting.AthleteTest" time="0.0"/>
  <testcase name="testInvalidFinalShotValue" classname="com.mycompany.olympicgameshooting.AthleteTest" time="0.001"/>
  <testcase name="testGetQualificationScoreWithMultipleMixedShots" classname="com.mycompany.olympicgameshooting.AthleteTest" time="0.001"/>
  <testcase name="testGetTotalScoreWithMultipleMaxShots" classname="com.mycompany.olympicgameshooting.AthleteTest" time="0.0"/>
  <testcase name="testGetFinalScoreWithMultipleMixedShotsAndZero" classname="com.mycompany.olympicgameshooting.AthleteTest" time="0.001"/>
  <testcase name="testConstructorInitializesFields" classname="com.mycompany.olympicgameshooting.AthleteTest" time="0.0"/>
  <testcase name="testSetInvalidLastName" classname="com.mycompany.olympicgameshooting.AthleteTest" time="0.001"/>
  <testcase name="testAddFinalShotWithZeroValue" classname="com.mycompany.olympicgameshooting.AthleteTest" time="0.0"/>
  <testcase name="testSetAthleteID" classname="com.mycompany.olympicgameshooting.AthleteTest" time="0.0"/>
  <testcase name="testGetFinalScoreWithMaxShots" classname="com.mycompany.olympicgameshooting.AthleteTest" time="0.0"/>
  <testcase name="testInvalidShotValue" classname="com.mycompany.olympicgameshooting.AthleteTest" time="0.0"/>
  <testcase name="testEmptyQualificationShots" classname="com.mycompany.olympicgameshooting.AthleteTest" time="0.0"/>
  <testcase name="testGetQualificationScoreWithMultipleMixedShotsAndNegative" classname="com.mycompany.olympicgameshooting.AthleteTest" time="0.001"/>
  <testcase name="testSetFinalShots" classname="com.mycompany.olympicgameshooting.AthleteTest" time="0.001"/>
  <testcase name="testGetFinalScoreWithMultipleShots" classname="com.mycompany.olympicgameshooting.AthleteTest" time="0.0"/>
  <testcase name="testGetFinalScoreWithNegativeShots" classname="com.mycompany.olympicgameshooting.AthleteTest" time="0.001"/>
  <testcase name="testToStringWithUpdatedScores" classname="com.mycompany.olympicgameshooting.AthleteTest" time="0.001"/>
  <testcase name="testAddFinalShotWithNegativeValue" classname="com.mycompany.olympicgameshooting.AthleteTest" time="0.0"/>
  <testcase name="testSetQualificationShots" classname="com.mycompany.olympicgameshooting.AthleteTest" time="0.0"/>
  <testcase name="testGetRankingScore" classname="com.mycompany.olympicgameshooting.AthleteTest" time="0.0"/>
  <testcase name="testToStringWithEmptyFirstName" classname="com.mycompany.olympicgameshooting.AthleteTest" time="0.0"/>
  <testcase name="testGetTotalScoreWithMaxShots" classname="com.mycompany.olympicgameshooting.AthleteTest" time="0.001"/>
  <testcase name="testAddShotWithMaxValue" classname="com.mycompany.olympicgameshooting.AthleteTest" time="0.0"/>
  <testcase name="testSetInvalidAthleteID" classname="com.mycompany.olympicgameshooting.AthleteTest" time="0.001"/>
  <testcase name="testGetTotalScore" classname="com.mycompany.olympicgameshooting.AthleteTest" time="0.0"/>
  <testcase name="testSetWorldRanking" classname="com.mycompany.olympicgameshooting.AthleteTest" time="0.001"/>
  <testcase name="testGetFinalScoreWithZeroShots" classname="com.mycompany.olympicgameshooting.AthleteTest" time="0.0"/>
  <testcase name="testSetRankingScoreToZero" classname="com.mycompany.olympicgameshooting.AthleteTest" time="0.0"/>
  <testcase name="testGetFirstName" classname="com.mycompany.olympicgameshooting.AthleteTest" time="0.001"/>
  <testcase name="testAddFinalShot" classname="com.mycompany.olympicgameshooting.AthleteTest" time="0.0"/>
  <testcase name="testGetCountry" classname="com.mycompany.olympicgameshooting.AthleteTest" time="0.001"/>
  <testcase name="testSetLastNameToWhitespace" classname="com.mycompany.olympicgameshooting.AthleteTest" time="0.0"/>
  <testcase name="testGetQualificationScoreWithZeroShots" classname="com.mycompany.olympicgameshooting.AthleteTest" time="0.0"/>
  <testcase name="testSetInvalidCountry" classname="com.mycompany.olympicgameshooting.AthleteTest" time="0.001"/>
  <testcase name="testSetWorldRankingToZero" classname="com.mycompany.olympicgameshooting.AthleteTest" time="0.001"/>
  <testcase name="testSetRankingScore" classname="com.mycompany.olympicgameshooting.AthleteTest" time="0.0"/>
  <testcase name="testGetFinalScoreWithMultipleMaxShots" classname="com.mycompany.olympicgameshooting.AthleteTest" time="0.0"/>
  <testcase name="testGetTotalScoreWithMultipleShots" classname="com.mycompany.olympicgameshooting.AthleteTest" time="0.0"/>
  <testcase name="testGetTotalScoreWithNegativeShots" classname="com.mycompany.olympicgameshooting.AthleteTest" time="0.0"/>
  <testcase name="testGetQualificationScoreWithMultipleShots" classname="com.mycompany.olympicgameshooting.AthleteTest" time="0.001"/>
  <testcase name="testGetQualificationScoreWithNegativeShots" classname="com.mycompany.olympicgameshooting.AthleteTest" time="0.0"/>
  <testcase name="testGetQualificationScoreWithMinShots" classname="com.mycompany.olympicgameshooting.AthleteTest" time="0.001"/>
  <testcase name="testAddMoreThan60QualificationShots" classname="com.mycompany.olympicgameshooting.AthleteTest" time="0.0"/>
  <testcase name="testSetNegativeWorldRanking" classname="com.mycompany.olympicgameshooting.AthleteTest" time="0.001"/>
  <testcase name="testSetShots" classname="com.mycompany.olympicgameshooting.AthleteTest" time="0.0"/>
  <testcase name="testSetCountryToNonNeutral" classname="com.mycompany.olympicgameshooting.AthleteTest" time="0.001"/>
</testsuite>