<?xml version="1.0" encoding="UTF-8"?>
<testsuite xmlns:xsi="http://www.w3.org/2001/XMLSchema-instance" xsi:noNamespaceSchemaLocation="https://maven.apache.org/surefire/maven-surefire-plugin/xsd/surefire-test-report-3.0.xsd" version="3.0" name="com.mycompany.olympicgameshooting.TargetTest" time="0.079" tests="48" errors="0" skipped="0" failures="0">
  <properties>
[...]
</properties>
  <testcase name="testGenerateShotWithLargeRadius" classname="com.mycompany.olympicgameshooting.TargetTest" time="0.02"/>
  <testcase name="testCalculateScoreWithSmallRadius" classname="com.mycompany.olympicgameshooting.TargetTest" time="0.001"/>
  <testcase name="testCalculateScoreWithNegativeRadius" classname="com.mycompany.olympicgameshooting.TargetTest" time="0.0"/>
  <testcase name="testCalculateScoreWithRandomShots" classname="com.mycompany.olympicgameshooting.TargetTest" time="0.001"/>
  <testcase name="testCalculateScoreWithMixedLargeRadius" classname="com.mycompany.olympicgameshooting.TargetTest" time="0.001"/>
  <testcase name="testCalculateScoreWithExtremeValues" classname="com.mycompany.olympicgameshooting.TargetTest" time="0.001"/>
  <testcase name="testGenerateShotWithMixedCoordinates" classname="com.mycompany.olympicgameshooting.TargetTest" time="0.001"/>
  <testcase name="testCalculateScoreWithPositiveRadius" classname="com.mycompany.olympicgameshooting.TargetTest" time="0.001"/>
  <testcase name="testGenerateShot" classname="com.mycompany.olympicgameshooting.TargetTest" time="0.001"/>
  <testcase name="testGenerateShotWithSmallRadius" classname="com.mycompany.olympicgameshooting.TargetTest" time="0.001"/>
  <testcase name="testGenerateShotDistribution" classname="com.mycompany.olympicgameshooting.TargetTest" time="0.003"/>
  <testcase name="testCalculateScoreEdgeCases" classname="com.mycompany.olympicgameshooting.TargetTest" time="0.0"/>
  <testcase name="testCalculateScoreWithMixedLargeCoordinates" classname="com.mycompany.olympicgameshooting.TargetTest" time="0.001"/>
  <testcase name="testCalculateScoreWithMixedSmallRadius" classname="com.mycompany.olympicgameshooting.TargetTest" time="0.0"/>
  <testcase name="testCalculateScoreWithBoundaryInputs" classname="com.mycompany.olympicgameshooting.TargetTest" time="0.0"/>
  <testcase name="testGenerateShotEdgeCases" classname="com.mycompany.olympicgameshooting.TargetTest" time="0.001"/>
  <testcase name="testGenerateShotConsistency" classname="com.mycompany.olympicgameshooting.TargetTest" time="0.001"/>
  <testcase name="testGenerateShotStatistics" classname="com.mycompany.olympicgameshooting.TargetTest" time="0.0"/>
  <testcase name="testGenerateShotRandomness" classname="com.mycompany.olympicgameshooting.TargetTest" time="0.001"/>
  <testcase name="testCalculateScoreWithMixedSmallCoordinates" classname="com.mycompany.olympicgameshooting.TargetTest" time="0.0"/>
  <testcase name="testCalculateScorePerfectShot" classname="com.mycompany.olympicgameshooting.TargetTest" time="0.0"/>
  <testcase name="testCalculateScoreWithZeroCoordinates" classname="com.mycompany.olympicgameshooting.TargetTest" time="0.0"/>
  <testcase name="testCalculateScoreBoundaryEdge" classname="com.mycompany.olympicgameshooting.TargetTest" time="0.001"/>
  <testcase name="testCalculateScoreWithNegativeCoordinates" classname="com.mycompany.olympicgameshooting.TargetTest" time="0.001"/>
  <testcase name="testCalculateScoreWithMixedRadius" classname="com.mycompany.olympicgameshooting.TargetTest" time="0.0"/>
  <testcase name="testGenerateShotWithNegativeCoordinates" classname="com.mycompany.olympicgameshooting.TargetTest" time="0.0"/>
  <testcase name="testCalculateScoreMixedCoordinates" classname="com.mycompany.olympicgameshooting.TargetTest" time="0.001"/>
  <testcase name="testCalculateScoreOuterRing" classname="com.mycompany.olympicgameshooting.TargetTest" time="0.0"/>
  <testcase name="testCalculateScoreWithPositiveCoordinates" classname="com.mycompany.olympicgameshooting.TargetTest" time="0.0"/>
  <testcase name="testGenerateShotWithNegativeRadius" classname="com.mycompany.olympicgameshooting.TargetTest" time="0.0"/>
  <testcase name="testGenerateShotWithPositiveCoordinates" classname="com.mycompany.olympicgameshooting.TargetTest" time="0.0"/>
  <testcase name="testGenerateShotWithMixedRadius" classname="com.mycompany.olympicgameshooting.TargetTest" time="0.001"/>
  <testcase name="testGenerateShotWithZeroCoordinates" classname="com.mycompany.olympicgameshooting.TargetTest" time="0.001"/>
  <testcase name="testGenerateShotWithPositiveRadius" classname="com.mycompany.olympicgameshooting.TargetTest" time="0.0"/>
  <testcase name="testGenerateShotNearPerfectCenter" classname="com.mycompany.olympicgameshooting.TargetTest" time="0.0"/>
  <testcase name="testCalculateScoreMissedShot" classname="com.mycompany.olympicgameshooting.TargetTest" time="0.001"/>
  <testcase name="testCalculateScoreWithLargeNegativeCoordinates" classname="com.mycompany.olympicgameshooting.TargetTest" time="0.0"/>
  <testcase name="testCalculateScoreWithSmallNegativeCoordinates" classname="com.mycompany.olympicgameshooting.TargetTest" time="0.001"/>
  <testcase name="testCalculateScoreWithLargeRadius" classname="com.mycompany.olympicgameshooting.TargetTest" time="0.0"/>
  <testcase name="testCalculateScoreWithMixedCoordinates" classname="com.mycompany.olympicgameshooting.TargetTest" time="0.0"/>
  <testcase name="testGenerateShotWithinBounds" classname="com.mycompany.olympicgameshooting.TargetTest" time="0.001"/>
  <testcase name="testCalculateScoreWithZeroRadius" classname="com.mycompany.olympicgameshooting.TargetTest" time="0.0"/>
  <testcase name="testCalculateScoreWithLargePositiveCoordinates" classname="com.mycompany.olympicgameshooting.TargetTest" time="0.0"/>
  <testcase name="testCalculateScoreWithSmallPositiveCoordinates" classname="com.mycompany.olympicgameshooting.TargetTest" time="0.001"/>
  <testcase name="testCalculateScore" classname="com.mycompany.olympicgameshooting.TargetTest" time="0.0"/>
  <testcase name="testGenerateShotWithZeroRadius" classname="com.mycompany.olympicgameshooting.TargetTest" time="0.0"/>
  <testcase name="testCalculateScoreNegativeCoordinates" classname="com.mycompany.olympicgameshooting.TargetTest" time="0.001"/>
  <testcase name="testGenerateShotWithExtremeValues" classname="com.mycompany.olympicgameshooting.TargetTest" time="0.0"/>
</testsuite>