<?xml version="1.0" encoding="UTF-8"?>
<testsuite xmlns:xsi="http://www.w3.org/2001/XMLSchema-instance" xsi:noNamespaceSchemaLocation="https://maven.apache.org/surefire/maven-surefire-plugin/xsd/surefire-test-report-3.0.xsd" version="3.0" name="com.mycompany.olympicgameshooting.FinalRoundTest" time="0.172" tests="50" errors="0" skipped="0" failures="0">
  <properties>
[...]
</properties>
  <testcase name="testSimulateFinalRoundToTwoAthletes" classname="com.mycompany.olympicgameshooting.FinalRoundTest" time="0.027"/>
  <testcase name="testShootAndCalculateScoreForDifferentRounds(int)[1]" classname="com.mycompany.olympicgameshooting.FinalRoundTest" time="0.019"/>
  <testcase name="testShootAndCalculateScoreForDifferentRounds(int)[2]" classname="com.mycompany.olympicgameshooting.FinalRoundTest" time="0.001"/>
  <testcase name="testScoreManipulationEdgeCases" classname="com.mycompany.olympicgameshooting.FinalRoundTest" time="0.003"/>
  <testcase name="testDataIntegrityDuringSimulation" classname="com.mycompany.olympicgameshooting.FinalRoundTest" time="0.002"/>
  <testcase name="testEliminateLowestScorerWithEqualScores" classname="com.mycompany.olympicgameshooting.FinalRoundTest" time="0.001"/>
  <testcase name="testEliminationWithNearEqualScores" classname="com.mycompany.olympicgameshooting.FinalRoundTest" time="0.001"/>
  <testcase name="testConcurrentEliminationSimulation" classname="com.mycompany.olympicgameshooting.FinalRoundTest" time="0.007"/>
  <testcase name="testInvalidShot" classname="com.mycompany.olympicgameshooting.FinalRoundTest" time="0.001"/>
  <testcase name="testRandomizedAthleteScores" classname="com.mycompany.olympicgameshooting.FinalRoundTest" time="0.0"/>
  <testcase name="testBoundaryScoreHandling" classname="com.mycompany.olympicgameshooting.FinalRoundTest" time="0.0"/>
  <testcase name="testFinalRoundInitializationWithEmptyList" classname="com.mycompany.olympicgameshooting.FinalRoundTest" time="0.001"/>
  <testcase name="testFinalRoundInitializationWithNullList" classname="com.mycompany.olympicgameshooting.FinalRoundTest" time="0.001"/>
  <testcase name="testAthleteComparatorStability" classname="com.mycompany.olympicgameshooting.FinalRoundTest" time="0.001"/>
  <testcase name="testPrivateMethodAccessibility" classname="com.mycompany.olympicgameshooting.FinalRoundTest" time="0.001"/>
  <testcase name="testEliminationWithVariedScoreDistributions(List)[1]" classname="com.mycompany.olympicgameshooting.FinalRoundTest" time="0.002"/>
  <testcase name="testEliminationWithVariedScoreDistributions(List)[2]" classname="com.mycompany.olympicgameshooting.FinalRoundTest" time="0.0"/>
  <testcase name="testEliminationWithVariedScoreDistributions(List)[3]" classname="com.mycompany.olympicgameshooting.FinalRoundTest" time="0.001"/>
  <testcase name="testAthleteAttributePreservationDuringFinalRound" classname="com.mycompany.olympicgameshooting.FinalRoundTest" time="0.0"/>
  <testcase name="testHandlingOfExtremeScores" classname="com.mycompany.olympicgameshooting.FinalRoundTest" time="0.001"/>
  <testcase name="testShotDistributionUniformity" classname="com.mycompany.olympicgameshooting.FinalRoundTest" time="0.002"/>
  <testcase name="testFinalRoundWithLargeNumberOfAthletes" classname="com.mycompany.olympicgameshooting.FinalRoundTest" time="0.001"/>
  <testcase name="testSimulateFinalRoundWithTwoInitialAthletes" classname="com.mycompany.olympicgameshooting.FinalRoundTest" time="0.001"/>
  <testcase name="testExtremeLargeScores" classname="com.mycompany.olympicgameshooting.FinalRoundTest" time="0.001"/>
  <testcase name="testShotExceptionHandling" classname="com.mycompany.olympicgameshooting.FinalRoundTest" time="0.0"/>
  <testcase name="testAthleteAttributePreservationDuringFinalRound2" classname="com.mycompany.olympicgameshooting.FinalRoundTest" time="0.001"/>
  <testcase name="testEliminationStrategyConsistency" classname="com.mycompany.olympicgameshooting.FinalRoundTest" time="0.001"/>
  <testcase name="testEliminationWithMixedPerformanceAthletes" classname="com.mycompany.olympicgameshooting.FinalRoundTest" time="0.001"/>
  <testcase name="testAthletePerformanceProfile" classname="com.mycompany.olympicgameshooting.FinalRoundTest" time="0.001"/>
  <testcase name="testSimulateFinalRound" classname="com.mycompany.olympicgameshooting.FinalRoundTest" time="0.0"/>
  <testcase name="testSimulateWithExactTwoAthletes" classname="com.mycompany.olympicgameshooting.FinalRoundTest" time="0.001"/>
  <testcase name="testEliminationOrder" classname="com.mycompany.olympicgameshooting.FinalRoundTest" time="0.001"/>
  <testcase name="testHandlingOfNaNScores" classname="com.mycompany.olympicgameshooting.FinalRoundTest" time="0.001"/>
  <testcase name="testShotPrecisionConsistency" classname="com.mycompany.olympicgameshooting.FinalRoundTest" time="0.001"/>
  <testcase name="testSimulateFinalRoundPerformance" classname="com.mycompany.olympicgameshooting.FinalRoundTest" time="0.002"/>
  <testcase name="testRapidSuccessiveFinalRoundSimulations" classname="com.mycompany.olympicgameshooting.FinalRoundTest" time="0.002"/>
  <testcase name="testFinalRoundInternalState" classname="com.mycompany.olympicgameshooting.FinalRoundTest" time="0.001"/>
  <testcase name="testEliminationRandomnessWithEqualScores" classname="com.mycompany.olympicgameshooting.FinalRoundTest" time="0.0"/>
  <testcase name="testShootAndCalculateScore" classname="com.mycompany.olympicgameshooting.FinalRoundTest" time="0.001"/>
  <testcase name="testSimulationWithHighVariabilityScores" classname="com.mycompany.olympicgameshooting.FinalRoundTest" time="0.0"/>
  <testcase name="testFinalRoundInitializationWithMinimumAllowedAthletes" classname="com.mycompany.olympicgameshooting.FinalRoundTest" time="0.001"/>
  <testcase name="testHandlingOfMinimumScores" classname="com.mycompany.olympicgameshooting.FinalRoundTest" time="0.002"/>
  <testcase name="testGetFinalists" classname="com.mycompany.olympicgameshooting.FinalRoundTest" time="0.001"/>
  <testcase name="testFinalRoundInitialization" classname="com.mycompany.olympicgameshooting.FinalRoundTest" time="0.0"/>
  <testcase name="testMemoryEfficiencyInLongSimulation" classname="com.mycompany.olympicgameshooting.FinalRoundTest" time="0.001"/>
  <testcase name="testEliminateLowestScorer" classname="com.mycompany.olympicgameshooting.FinalRoundTest" time="0.0"/>
  <testcase name="testCountryRepresentationInFinalRound" classname="com.mycompany.olympicgameshooting.FinalRoundTest" time="0.002"/>
  <testcase name="testShootingSimulationConsistency" classname="com.mycompany.olympicgameshooting.FinalRoundTest" time="0.0"/>
  <testcase name="testSimulateFinalRoundReducesToTwoAthletes" classname="com.mycompany.olympicgameshooting.FinalRoundTest" time="0.0"/>
  <testcase name="testEliminateLowestScorerWithDifferentScores" classname="com.mycompany.olympicgameshooting.FinalRoundTest" time="0.001"/>
</testsuite>